This is pdfTeX, Version 3.141592653-2.6-1.40.26 (MiKTeX 24.4) (preloaded format=pdflatex 2024.11.19)  20 NOV 2024 23:15
entering extended mode
 restricted \write18 enabled.
 %&-line parsing enabled.
**./Lista2.tex
(Lista2.tex
LaTeX2e <2024-11-01>
L3 programming layer <2024-11-02>
(C:\Users\General\AppData\Local\Programs\MiKTeX\tex/latex/base\article.cls
Document Class: article 2024/06/29 v1.4n Standard LaTeX document class
(C:\Users\General\AppData\Local\Programs\MiKTeX\tex/latex/base\size10.clo
File: size10.clo 2024/06/29 v1.4n Standard LaTeX file (size option)
)
\c@part=\count196
\c@section=\count197
\c@subsection=\count198
\c@subsubsection=\count199
\c@paragraph=\count266
\c@subparagraph=\count267
\c@figure=\count268
\c@table=\count269
\abovecaptionskip=\skip49
\belowcaptionskip=\skip50
\bibindent=\dimen141
)
(C:\Users\General\AppData\Local\Programs\MiKTeX\tex/generic/babel\babel.sty
Package: babel 2024/11/08 v24.13 The multilingual framework for pdfLaTeX, LuaLa
TeX and XeLaTeX
\babel@savecnt=\count270
\U@D=\dimen142
\l@unhyphenated=\language79

(C:\Users\General\AppData\Local\Programs\MiKTeX\tex/generic/babel\txtbabel.def)
\bbl@readstream=\read2
\bbl@dirlevel=\count271
*************************************
* Local config file bblopts.cfg used
*
(C:\Users\General\AppData\Local\Programs\MiKTeX\tex/latex/arabi\bblopts.cfg
File: bblopts.cfg 2005/09/08 v0.1 add Arabic and Farsi to "declared" options of
 babel
)
(C:\Users\General\AppData\Local\Programs\MiKTeX\tex/latex/babel-portuges\brazil
.ldf
Language: portuges 2021/07/09 v1.2t Portuguese support from the babel system
Package babel Info: Hyphen rules for 'brazil' set to \l@portuguese
(babel)             (\language56). Reported on input line 111.
Package babel Info: Making " an active character on input line 143.
))
(C:\Users\General\AppData\Local\Programs\MiKTeX\tex/latex/graphics\graphicx.sty
Package: graphicx 2021/09/16 v1.2d Enhanced LaTeX Graphics (DPC,SPQR)
(C:\Users\General\AppData\Local\Programs\MiKTeX\tex/latex/graphics\keyval.sty
Package: keyval 2022/05/29 v1.15 key=value parser (DPC)
\KV@toks@=\toks17
)
(C:\Users\General\AppData\Local\Programs\MiKTeX\tex/latex/graphics\graphics.sty
Package: graphics 2024/08/06 v1.4g Standard LaTeX Graphics (DPC,SPQR)
(C:\Users\General\AppData\Local\Programs\MiKTeX\tex/latex/graphics\trig.sty
Package: trig 2023/12/02 v1.11 sin cos tan (DPC)
)
(C:\Users\General\AppData\Local\Programs\MiKTeX\tex/latex/graphics-cfg\graphics
.cfg
File: graphics.cfg 2016/06/04 v1.11 sample graphics configuration
)
Package graphics Info: Driver file: pdftex.def on input line 106.

(C:\Users\General\AppData\Local\Programs\MiKTeX\tex/latex/graphics-def\pdftex.d
ef
File: pdftex.def 2024/04/13 v1.2c Graphics/color driver for pdftex
))
\Gin@req@height=\dimen143
\Gin@req@width=\dimen144
)
(C:\Users\General\AppData\Local\Programs\MiKTeX\tex/latex/mathtools\mathtools.s
ty
Package: mathtools 2024/10/04 v1.31 mathematical typesetting tools
 (C:\Users\General\AppData\Local\Programs\MiKTeX\tex/latex/tools\calc.sty
Package: calc 2023/07/08 v4.3 Infix arithmetic (KKT,FJ)
\calc@Acount=\count272
\calc@Bcount=\count273
\calc@Adimen=\dimen145
\calc@Bdimen=\dimen146
\calc@Askip=\skip51
\calc@Bskip=\skip52
LaTeX Info: Redefining \setlength on input line 80.
LaTeX Info: Redefining \addtolength on input line 81.
\calc@Ccount=\count274
\calc@Cskip=\skip53
)
(C:\Users\General\AppData\Local\Programs\MiKTeX\tex/latex/mathtools\mhsetup.sty
Package: mhsetup 2021/03/18 v1.4 programming setup (MH)
) (C:\Users\General\AppData\Local\Programs\MiKTeX\tex/latex/amsmath\amsmath.sty
Package: amsmath 2024/11/05 v2.17t AMS math features
\@mathmargin=\skip54
For additional information on amsmath, use the `?' option.
(C:\Users\General\AppData\Local\Programs\MiKTeX\tex/latex/amsmath\amstext.sty
Package: amstext 2021/08/26 v2.01 AMS text

(C:\Users\General\AppData\Local\Programs\MiKTeX\tex/latex/amsmath\amsgen.sty
File: amsgen.sty 1999/11/30 v2.0 generic functions
\@emptytoks=\toks18
\ex@=\dimen147
))
(C:\Users\General\AppData\Local\Programs\MiKTeX\tex/latex/amsmath\amsbsy.sty
Package: amsbsy 1999/11/29 v1.2d Bold Symbols
\pmbraise@=\dimen148
)
(C:\Users\General\AppData\Local\Programs\MiKTeX\tex/latex/amsmath\amsopn.sty
Package: amsopn 2022/04/08 v2.04 operator names
)
\inf@bad=\count275
LaTeX Info: Redefining \frac on input line 233.
\uproot@=\count276
\leftroot@=\count277
LaTeX Info: Redefining \overline on input line 398.
LaTeX Info: Redefining \colon on input line 409.
\classnum@=\count278
\DOTSCASE@=\count279
LaTeX Info: Redefining \ldots on input line 495.
LaTeX Info: Redefining \dots on input line 498.
LaTeX Info: Redefining \cdots on input line 619.
\Mathstrutbox@=\box52
\strutbox@=\box53
LaTeX Info: Redefining \big on input line 721.
LaTeX Info: Redefining \Big on input line 722.
LaTeX Info: Redefining \bigg on input line 723.
LaTeX Info: Redefining \Bigg on input line 724.
\big@size=\dimen149
LaTeX Font Info:    Redeclaring font encoding OML on input line 742.
LaTeX Font Info:    Redeclaring font encoding OMS on input line 743.
\macc@depth=\count280
LaTeX Info: Redefining \bmod on input line 904.
LaTeX Info: Redefining \pmod on input line 909.
LaTeX Info: Redefining \smash on input line 939.
LaTeX Info: Redefining \relbar on input line 969.
LaTeX Info: Redefining \Relbar on input line 970.
\c@MaxMatrixCols=\count281
\dotsspace@=\muskip17
\c@parentequation=\count282
\dspbrk@lvl=\count283
\tag@help=\toks19
\row@=\count284
\column@=\count285
\maxfields@=\count286
\andhelp@=\toks20
\eqnshift@=\dimen150
\alignsep@=\dimen151
\tagshift@=\dimen152
\tagwidth@=\dimen153
\totwidth@=\dimen154
\lineht@=\dimen155
\@envbody=\toks21
\multlinegap=\skip55
\multlinetaggap=\skip56
\mathdisplay@stack=\toks22
LaTeX Info: Redefining \[ on input line 2953.
LaTeX Info: Redefining \] on input line 2954.
)
\g_MT_multlinerow_int=\count287
\l_MT_multwidth_dim=\dimen156
\origjot=\skip57
\l_MT_shortvdotswithinadjustabove_dim=\dimen157
\l_MT_shortvdotswithinadjustbelow_dim=\dimen158
\l_MT_above_intertext_sep=\dimen159
\l_MT_below_intertext_sep=\dimen160
\l_MT_above_shortintertext_sep=\dimen161
\l_MT_below_shortintertext_sep=\dimen162
\xmathstrut@box=\box54
\xmathstrut@dim=\dimen163
) (C:\Users\General\AppData\Local\Programs\MiKTeX\tex/latex/float\float.sty
Package: float 2001/11/08 v1.3d Float enhancements (AL)
\c@float@type=\count288
\float@exts=\toks23
\float@box=\box55
\@float@everytoks=\toks24
\@floatcapt=\box56
)
(C:\Users\General\AppData\Local\Programs\MiKTeX\tex/latex/tools\array.sty
Package: array 2024/10/17 v2.6g Tabular extension package (FMi)
\col@sep=\dimen164
\ar@mcellbox=\box57
\extrarowheight=\dimen165
\NC@list=\toks25
\extratabsurround=\skip58
\backup@length=\skip59
\ar@cellbox=\box58
)
(C:\Users\General\AppData\Local\Programs\MiKTeX\tex/latex/booktabs\booktabs.sty
Package: booktabs 2020/01/12 v1.61803398 Publication quality tables
\heavyrulewidth=\dimen166
\lightrulewidth=\dimen167
\cmidrulewidth=\dimen168
\belowrulesep=\dimen169
\belowbottomsep=\dimen170
\aboverulesep=\dimen171
\abovetopsep=\dimen172
\cmidrulesep=\dimen173
\cmidrulekern=\dimen174
\defaultaddspace=\dimen175
\@cmidla=\count289
\@cmidlb=\count290
\@aboverulesep=\dimen176
\@belowrulesep=\dimen177
\@thisruleclass=\count291
\@lastruleclass=\count292
\@thisrulewidth=\dimen178
)
(C:\Users\General\AppData\Local\Programs\MiKTeX\tex/latex/geometry\geometry.sty
Package: geometry 2020/01/02 v5.9 Page Geometry
(C:\Users\General\AppData\Local\Programs\MiKTeX\tex/generic/iftex\ifvtex.sty
Package: ifvtex 2019/10/25 v1.7 ifvtex legacy package. Use iftex instead.

(C:\Users\General\AppData\Local\Programs\MiKTeX\tex/generic/iftex\iftex.sty
Package: iftex 2022/02/03 v1.0f TeX engine tests
))
\Gm@cnth=\count293
\Gm@cntv=\count294
\c@Gm@tempcnt=\count295
\Gm@bindingoffset=\dimen179
\Gm@wd@mp=\dimen180
\Gm@odd@mp=\dimen181
\Gm@even@mp=\dimen182
\Gm@layoutwidth=\dimen183
\Gm@layoutheight=\dimen184
\Gm@layouthoffset=\dimen185
\Gm@layoutvoffset=\dimen186
\Gm@dimlist=\toks26

(C:\Users\General\AppData\Local\Programs\MiKTeX\tex/latex/geometry\geometry.cfg
))
(C:\Users\General\AppData\Local\Programs\MiKTeX\tex/latex/l3backend\l3backend-p
dftex.def
File: l3backend-pdftex.def 2024-05-08 L3 backend support: PDF output (pdfTeX)
\l__color_backend_stack_int=\count296
\l__pdf_internal_box=\box59
) (Lista2.aux)
\openout1 = `Lista2.aux'.

LaTeX Font Info:    Checking defaults for OML/cmm/m/it on input line 19.
LaTeX Font Info:    ... okay on input line 19.
LaTeX Font Info:    Checking defaults for OMS/cmsy/m/n on input line 19.
LaTeX Font Info:    ... okay on input line 19.
LaTeX Font Info:    Checking defaults for OT1/cmr/m/n on input line 19.
LaTeX Font Info:    ... okay on input line 19.
LaTeX Font Info:    Checking defaults for T1/cmr/m/n on input line 19.
LaTeX Font Info:    ... okay on input line 19.
LaTeX Font Info:    Checking defaults for TS1/cmr/m/n on input line 19.
LaTeX Font Info:    ... okay on input line 19.
LaTeX Font Info:    Checking defaults for OMX/cmex/m/n on input line 19.
LaTeX Font Info:    ... okay on input line 19.
LaTeX Font Info:    Checking defaults for U/cmr/m/n on input line 19.
LaTeX Font Info:    ... okay on input line 19.

(C:\Users\General\AppData\Local\Programs\MiKTeX\tex/context/base/mkii\supp-pdf.
mkii
[Loading MPS to PDF converter (version 2006.09.02).]
\scratchcounter=\count297
\scratchdimen=\dimen187
\scratchbox=\box60
\nofMPsegments=\count298
\nofMParguments=\count299
\everyMPshowfont=\toks27
\MPscratchCnt=\count300
\MPscratchDim=\dimen188
\MPnumerator=\count301
\makeMPintoPDFobject=\count302
\everyMPtoPDFconversion=\toks28
)
(C:\Users\General\AppData\Local\Programs\MiKTeX\tex/latex/epstopdf-pkg\epstopdf
-base.sty
Package: epstopdf-base 2020-01-24 v2.11 Base part for package epstopdf
Package epstopdf-base Info: Redefining graphics rule for `.eps' on input line 4
85.

(C:\Users\General\AppData\Local\Programs\MiKTeX\tex/latex/00miktex\epstopdf-sys
.cfg
File: epstopdf-sys.cfg 2021/03/18 v2.0 Configuration of epstopdf for MiKTeX
))
*geometry* driver: auto-detecting
*geometry* detected driver: pdftex
*geometry* verbose mode - [ preamble ] result:
* driver: pdftex
* paper: a4paper
* layout: <same size as paper>
* layoutoffset:(h,v)=(0.0pt,0.0pt)
* modes: 
* h-part:(L,W,R)=(85.35826pt, 426.79135pt, 85.35826pt)
* v-part:(T,H,B)=(85.35826pt, 658.28194pt, 101.40665pt)
* \paperwidth=597.50787pt
* \paperheight=845.04684pt
* \textwidth=426.79135pt
* \textheight=658.28194pt
* \oddsidemargin=13.08827pt
* \evensidemargin=13.08827pt
* \topmargin=-23.91173pt
* \headheight=12.0pt
* \headsep=25.0pt
* \topskip=10.0pt
* \footskip=30.0pt
* \marginparwidth=65.0pt
* \marginparsep=11.0pt
* \columnsep=10.0pt
* \skip\footins=9.0pt plus 4.0pt minus 2.0pt
* \hoffset=0.0pt
* \voffset=0.0pt
* \mag=1000
* \@twocolumnfalse
* \@twosidefalse
* \@mparswitchfalse
* \@reversemarginfalse
* (1in=72.27pt=25.4mm, 1cm=28.453pt)


Underfull \hbox (badness 10000) in paragraph at lines 54--57

 []


Underfull \hbox (badness 10000) in paragraph at lines 69--70

 []


Underfull \hbox (badness 10000) in paragraph at lines 77--78

 []


Underfull \hbox (badness 10000) in paragraph at lines 79--80

 []


Underfull \hbox (badness 10000) in paragraph at lines 83--84

 []


Underfull \hbox (badness 10000) in paragraph at lines 86--87

 []



[1

{C:/Users/General/AppData/Local/MiKTeX/fonts/map/pdftex/pdftex.map}]
Underfull \hbox (badness 10000) in paragraph at lines 106--107

 []


Underfull \hbox (badness 10000) in paragraph at lines 109--110

 []


Overfull \hbox (33.67259pt too wide) detected at line 162
[][] \OT1/cmr/m/n/10 = [] [] + [] [] \OMS/cmsy/m/n/10 ^^@ [] [] \OT1/cmr/m/n/10
 + []
 []



[2]

[3]
Underfull \hbox (badness 10000) in paragraph at lines 279--280

 []

<figures/36-1.png, id=22, 537.50812pt x 358.33875pt>
File: figures/36-1.png Graphic file (type png)
<use figures/36-1.png>
Package pdftex.def Info: figures/36-1.png  used on input line 291.
(pdftex.def)             Requested size: 277.41176pt x 184.94293pt.
<figures/36-2.png, id=24, 519.44063pt x 348.55219pt>
File: figures/36-2.png Graphic file (type png)
<use figures/36-2.png>
Package pdftex.def Info: figures/36-2.png  used on input line 299.
(pdftex.def)             Requested size: 277.41176pt x 186.14648pt.


[4 <./figures/36-1.png>]
<figures/36-3.png, id=29, 520.94624pt x 341.77687pt>
File: figures/36-3.png Graphic file (type png)
<use figures/36-3.png>
Package pdftex.def Info: figures/36-3.png  used on input line 307.
(pdftex.def)             Requested size: 277.41176pt x 182.00136pt.


[5 <./figures/36-2.png> <./figures/36-3.png>]
<figures/38-1.png, id=35, 547.2947pt x 304.13625pt>
File: figures/38-1.png Graphic file (type png)
<use figures/38-1.png>
Package pdftex.def Info: figures/38-1.png  used on input line 387.
(pdftex.def)             Requested size: 277.41176pt x 154.16072pt.

Underfull \hbox (badness 10000) in paragraph at lines 395--396

 []



[6 <./figures/38-1.png>]
Underfull \hbox (badness 10000) in paragraph at lines 398--399

 []


Underfull \hbox (badness 10000) in paragraph at lines 402--403

 []

<figures/38-2.png, id=40, 672.26157pt x 410.2828pt>
File: figures/38-2.png Graphic file (type png)
<use figures/38-2.png>
Package pdftex.def Info: figures/38-2.png  used on input line 412.
(pdftex.def)             Requested size: 277.41176pt x 169.30634pt.
<figures/38-3.png, id=41, 765.6103pt x 526.21594pt>
File: figures/38-3.png Graphic file (type png)
<use figures/38-3.png>
Package pdftex.def Info: figures/38-3.png  used on input line 428.
(pdftex.def)             Requested size: 277.41176pt x 190.66609pt.


[7 <./figures/38-2.png>]
Underfull \hbox (badness 10000) in paragraph at lines 445--446

 []



[8 <./figures/38-3.png>]
Underfull \hbox (badness 10000) in paragraph at lines 513--514

 []


Underfull \hbox (badness 10000) in paragraph at lines 548--549

 []

<figures/310-1.png, id=51, 413.29407pt x 258.9675pt>
File: figures/310-1.png Graphic file (type png)
<use figures/310-1.png>
Package pdftex.def Info: figures/310-1.png  used on input line 558.
(pdftex.def)             Requested size: 277.41176pt x 173.82738pt.


[9]
Underfull \hbox (badness 10000) in paragraph at lines 590--591

 []

<figures/310-2-2.png, id=55, 648.92438pt x 400.49625pt>
File: figures/310-2-2.png Graphic file (type png)
<use figures/310-2-2.png>
Package pdftex.def Info: figures/310-2-2.png  used on input line 599.
(pdftex.def)             Requested size: 277.41176pt x 171.21391pt.


[10 <./figures/310-1.png>]
<figures/310-3.png, id=60, 648.92438pt x 404.26031pt>
File: figures/310-3.png Graphic file (type png)
<use figures/310-3.png>
Package pdftex.def Info: figures/310-3.png  used on input line 607.
(pdftex.def)             Requested size: 277.41176pt x 172.82307pt.


[11 <./figures/310-2-2.png> <./figures/310-3.png>]
Underfull \hbox (badness 10000) in paragraph at lines 656--657

 []

<figures/316-1.png, id=66, 397.485pt x 333.49594pt>
File: figures/316-1.png Graphic file (type png)
<use figures/316-1.png>
Package pdftex.def Info: figures/316-1.png  used on input line 665.
(pdftex.def)             Requested size: 277.41176pt x 232.75858pt.
<figures/316-2.png, id=67, 397.485pt x 338.76563pt>
File: figures/316-2.png Graphic file (type png)
<use figures/316-2.png>
Package pdftex.def Info: figures/316-2.png  used on input line 671.
(pdftex.def)             Requested size: 277.41176pt x 236.43648pt.


[12 <./figures/316-1.png>]
<figures/316-3.png, id=72, 398.99063pt x 333.49594pt>
File: figures/316-3.png Graphic file (type png)
<use figures/316-3.png>
Package pdftex.def Info: figures/316-3.png  used on input line 677.
(pdftex.def)             Requested size: 277.41176pt x 231.88332pt.

Underfull \hbox (badness 10000) in paragraph at lines 689--691

 []



[13 <./figures/316-2.png> <./figures/316-3.png>]
<figures/318-1-30N.png, id=79, 636.12656pt x 400.49625pt>
File: figures/318-1-30N.png Graphic file (type png)
<use figures/318-1-30N.png>
Package pdftex.def Info: figures/318-1-30N.png  used on input line 705.
(pdftex.def)             Requested size: 277.41176pt x 174.65445pt.
<figures/318-1-60N.png, id=80, 636.87938pt x 396.7322pt>
File: figures/318-1-60N.png Graphic file (type png)
<use figures/318-1-60N.png>
Package pdftex.def Info: figures/318-1-60N.png  used on input line 715.
(pdftex.def)             Requested size: 277.41176pt x 172.80714pt.
<figures/318-1-8N.png, id=81, 640.64343pt x 396.7322pt>
File: figures/318-1-8N.png Graphic file (type png)
<use figures/318-1-8N.png>
Package pdftex.def Info: figures/318-1-8N.png  used on input line 723.
(pdftex.def)             Requested size: 277.41176pt x 171.79619pt.


[14 <./figures/318-1-30N.png> <./figures/318-1-60N.png>]

[15 <./figures/318-1-8N.png>]
Underfull \hbox (badness 10000) in paragraph at lines 787--789

 []

<figures/3-2.png, id=91, 432.11438pt x 324.46219pt>
File: figures/3-2.png Graphic file (type png)
<use figures/3-2.png>
Package pdftex.def Info: figures/3-2.png  used on input line 822.
(pdftex.def)             Requested size: 277.41176pt x 208.3086pt.


[16]
<figures/3-3.png, id=95, 425.33907pt x 317.68687pt>
File: figures/3-3.png Graphic file (type png)
<use figures/3-3.png>
Package pdftex.def Info: figures/3-3.png  used on input line 829.
(pdftex.def)             Requested size: 277.41176pt x 207.21144pt.
<figures/3-4.png, id=96, 423.83344pt x 321.45094pt>
File: figures/3-4.png Graphic file (type png)
<use figures/3-4.png>
Package pdftex.def Info: figures/3-4.png  used on input line 837.
(pdftex.def)             Requested size: 277.41176pt x 210.40721pt.


[17 <./figures/3-2.png> <./figures/3-3.png>]
<figures/3-1.png, id=102, 639.89063pt x 386.94562pt>
File: figures/3-1.png Graphic file (type png)
<use figures/3-1.png>
Package pdftex.def Info: figures/3-1.png  used on input line 843.
(pdftex.def)             Requested size: 277.41176pt x 167.75317pt.

Underfull \hbox (badness 10000) in paragraph at lines 853--854

 []

<figures/4-2.png, id=103, 234.1247pt x 125.71968pt>
File: figures/4-2.png Graphic file (type png)
<use figures/4-2.png>
Package pdftex.def Info: figures/4-2.png  used on input line 859.
(pdftex.def)             Requested size: 277.41176pt x 148.98288pt.


[18 <./figures/3-4.png> <./figures/3-1.png>]
Underfull \hbox (badness 10000) in paragraph at lines 864--865

 []



[19 <./figures/4-2.png>]
<figures/5-1.png, id=114, 642.14906pt x 390.70969pt>
File: figures/5-1.png Graphic file (type png)
<use figures/5-1.png>
Package pdftex.def Info: figures/5-1.png  used on input line 940.
(pdftex.def)             Requested size: 277.41176pt x 168.78883pt.
<figures/5-2.png, id=115, 643.6547pt x 392.96812pt>
File: figures/5-2.png Graphic file (type png)
<use figures/5-2.png>
Package pdftex.def Info: figures/5-2.png  used on input line 953.
(pdftex.def)             Requested size: 277.41176pt x 169.36874pt.


[20 <./figures/5-1.png>]

[21 <./figures/5-2.png>] (Lista2.aux)
 ***********
LaTeX2e <2024-11-01>
L3 programming layer <2024-11-02>
 ***********
 ) 
Here is how much of TeX's memory you used:
 4704 strings out of 473681
 79386 string characters out of 5718242
 498485 words of memory out of 5000000
 27768 multiletter control sequences out of 15000+600000
 560041 words of font info for 43 fonts, out of 8000000 for 9000
 1141 hyphenation exceptions out of 8191
 70i,9n,79p,479b,247s stack positions out of 10000i,1000n,20000p,200000b,200000s
<C:/Users/General/AppData/Local/Programs/MiKTeX/fonts/type1/public/amsfonts/c
m/cmbx10.pfb><C:/Users/General/AppData/Local/Programs/MiKTeX/fonts/type1/public
/amsfonts/cm/cmbx12.pfb><C:/Users/General/AppData/Local/Programs/MiKTeX/fonts/t
ype1/public/amsfonts/cm/cmex10.pfb><C:/Users/General/AppData/Local/Programs/MiK
TeX/fonts/type1/public/amsfonts/cm/cmmi10.pfb><C:/Users/General/AppData/Local/P
rograms/MiKTeX/fonts/type1/public/amsfonts/cm/cmmi5.pfb><C:/Users/General/AppDa
ta/Local/Programs/MiKTeX/fonts/type1/public/amsfonts/cm/cmmi7.pfb><C:/Users/Gen
eral/AppData/Local/Programs/MiKTeX/fonts/type1/public/amsfonts/cm/cmr10.pfb><C:
/Users/General/AppData/Local/Programs/MiKTeX/fonts/type1/public/amsfonts/cm/cmr
12.pfb><C:/Users/General/AppData/Local/Programs/MiKTeX/fonts/type1/public/amsfo
nts/cm/cmr5.pfb><C:/Users/General/AppData/Local/Programs/MiKTeX/fonts/type1/pub
lic/amsfonts/cm/cmr7.pfb><C:/Users/General/AppData/Local/Programs/MiKTeX/fonts/
type1/public/amsfonts/cm/cmsy10.pfb><C:/Users/General/AppData/Local/Programs/Mi
KTeX/fonts/type1/public/amsfonts/cm/cmsy7.pfb>
Output written on Lista2.pdf (21 pages, 1024560 bytes).
PDF statistics:
 175 PDF objects out of 1000 (max. 8388607)
 0 named destinations out of 1000 (max. 500000)
 111 words of extra memory for PDF output out of 10000 (max. 10000000)

